Wed Sep 12 14:31:28 ICT 2018 : Apache Derby Network Server - 10.11.1.2 - (1629631) started and ready to accept connections on port 1527
----------------------------------------------------------------
Wed Sep 12 14:31:29 ICT 2018:
Booting Derby version The Apache Software Foundation - Apache Derby - 10.11.1.2 - (1629631): instance a816c00e-0165-ccb1-1e61-00003c9a3b14 
on database directory C:\Users\Student Lab\Desktop\ClassicDataModelG3\DB\classicmodelg3 with class loader sun.misc.Launcher$AppClassLoader@1d44bcfa 
Loaded from file:/C:/Program%20Files/Java/jdk1.8.0_92/db/lib/derby.jar
java.vendor=Oracle Corporation
java.runtime.version=1.8.0_92-b14
user.dir=C:\Program Files\Java\jdk1.8.0_92\db
os.name=Windows 10
os.arch=amd64
os.version=10.0
derby.system.home=C:\Users\Student Lab\Desktop\ClassicDataModelG3\DB
Database Class Loader started - derby.database.classpath=''
----------------------------------------------------------------
Wed Sep 12 14:31:30 ICT 2018:
Shutting down instance a816c00e-0165-ccb1-1e61-00003c9a3b14 on database directory C:\Users\Student Lab\Desktop\ClassicDataModelG3\DB\classicmodelg3 with class loader sun.misc.Launcher$AppClassLoader@1d44bcfa 
Wed Sep 12 14:31:30 ICT 2018 Thread[DRDAConnThread_3,5,main] (DATABASE = classicmodelg3), (DRDAID = {2}), Database 'classicmodelg3' shutdown.
----------------------------------------------------------------
Wed Sep 12 14:32:25 ICT 2018:
Booting Derby version The Apache Software Foundation - Apache Derby - 10.11.1.2 - (1629631): instance 0ddd00a9-0165-ccb1-1e61-00003c9a3b14 
on database directory C:\Users\Student Lab\Desktop\ClassicDataModelG3\DB\classicmodelg3 with class loader sun.misc.Launcher$AppClassLoader@1d44bcfa 
Loaded from file:/C:/Program%20Files/Java/jdk1.8.0_92/db/lib/derby.jar
java.vendor=Oracle Corporation
java.runtime.version=1.8.0_92-b14
user.dir=C:\Program Files\Java\jdk1.8.0_92\db
os.name=Windows 10
os.arch=amd64
os.version=10.0
derby.system.home=C:\Users\Student Lab\Desktop\ClassicDataModelG3\DB
Database Class Loader started - derby.database.classpath=''
